[1] "soil Phylum 0.0027318721730914"
[1] "soil Class 0.0182948016832153"
[1] "soil Order 0.137954872632328"
[1] "soil Family 0.243688103359353"
[1] "soil Genus 0.454388489193878"
[1] "zea_mays_l_rhizosphere Phylum 0.00121709288135862"
[1] "zea_mays_l_rhizosphere Class 0.0145399160302885"
[1] "zea_mays_l_rhizosphere Order 0.105693100266918"
[1] "zea_mays_l_rhizosphere Family 0.195989597049233"
[1] "zea_mays_l_rhizosphere Genus 0.410621723061818"
[1] "zea_mays_l_root Phylum 0.000501743663148691"
[1] "zea_mays_l_root Class 0.00323334452875582"
[1] "zea_mays_l_root Order 0.0162623006423907"
[1] "zea_mays_l_root Family 0.0500127890984412"
[1] "zea_mays_l_root Genus 0.207234060008907"
[1] "lotus_japonicus_rhizosphere Phylum 0.00134385035650525"
[1] "lotus_japonicus_rhizosphere Class 0.0090930007702777"
[1] "lotus_japonicus_rhizosphere Order 0.0314733876253354"
[1] "lotus_japonicus_rhizosphere Family 0.0563435138002757"
[1] "lotus_japonicus_rhizosphere Genus 0.352493537234117"
[1] "lotus_japonicus_root Phylum 0.0157714631321277"
[1] "lotus_japonicus_root Class 0.0165728285470381"
[1] "lotus_japonicus_root Order 0.0192752519936738"
[1] "lotus_japonicus_root Family 0.0251000152509426"
[1] "lotus_japonicus_root Genus 0.17830867319138"
[1] "arabidopsis_thaliana_rhizosphere Phylum 0.00304158340297995"
[1] "arabidopsis_thaliana_rhizosphere Class 0.0138616426055757"
[1] "arabidopsis_thaliana_rhizosphere Order 0.0664943048297989"
[1] "arabidopsis_thaliana_rhizosphere Family 0.138179438417256"
[1] "arabidopsis_thaliana_rhizosphere Genus 0.333989924433962"
[1] "arabidopsis_thaliana_rhizoplane Phylum 0.00126300916061099"
[1] "arabidopsis_thaliana_rhizoplane Class 0.0044662016494035"
[1] "arabidopsis_thaliana_rhizoplane Order 0.0159490291081811"
[1] "arabidopsis_thaliana_rhizoplane Family 0.0440822321598335"
[1] "arabidopsis_thaliana_rhizoplane Genus 0.229061095224242"
[1] "arabidopsis_thaliana_root Phylum 0.000827740689201547"
[1] "arabidopsis_thaliana_root Class 0.00222742132971635"
[1] "arabidopsis_thaliana_root Order 0.0122538770697033"
[1] "arabidopsis_thaliana_root Family 0.0318563373253273"
[1] "arabidopsis_thaliana_root Genus 0.182116717818801"
[1] "soil Phylum 0.0420798319327731"
[1] "soil Class 0.0974590336134454"
[1] "soil Order 0.116957983193277"
[1] "soil Family 0.193080882352941"
[1] "soil Genus 0.299606092436975"
[1] "zea_mays_l_rhizosphere Phylum 0.0315898148148148"
[1] "zea_mays_l_rhizosphere Class 0.0700796296296297"
[1] "zea_mays_l_rhizosphere Order 0.0825166666666667"
[1] "zea_mays_l_rhizosphere Family 0.258037962962963"
[1] "zea_mays_l_rhizosphere Genus 0.364231481481481"
[1] "zea_mays_l_root Phylum 0.0270573012939002"
[1] "zea_mays_l_root Class 0.0334251386321627"
[1] "zea_mays_l_root Order 0.0451127541589649"
[1] "zea_mays_l_root Family 0.42695471349353"
[1] "zea_mays_l_root Genus 0.498145101663585"
[1] "lotus_japonicus_rhizosphere Phylum 0.0298181818181818"
[1] "lotus_japonicus_rhizosphere Class 0.0607670454545455"
[1] "lotus_japonicus_rhizosphere Order 0.0663693181818182"
[1] "lotus_japonicus_rhizosphere Family 0.101346590909091"
[1] "lotus_japonicus_rhizosphere Genus 0.146505681818182"
[1] "lotus_japonicus_root Phylum 0.0318076923076923"
[1] "lotus_japonicus_root Class 0.146878205128205"
[1] "lotus_japonicus_root Order 0.172948717948718"
[1] "lotus_japonicus_root Family 0.202717948717949"
[1] "lotus_japonicus_root Genus 0.287224358974359"
[1] "arabidopsis_thaliana_rhizosphere Phylum 0.0469489247311828"
[1] "arabidopsis_thaliana_rhizosphere Class 0.113784946236559"
[1] "arabidopsis_thaliana_rhizosphere Order 0.131435483870968"
[1] "arabidopsis_thaliana_rhizosphere Family 0.217981182795699"
[1] "arabidopsis_thaliana_rhizosphere Genus 0.343768817204301"
[1] "arabidopsis_thaliana_rhizoplane Phylum 0.016714953271028"
[1] "arabidopsis_thaliana_rhizoplane Class 0.0550093457943925"
[1] "arabidopsis_thaliana_rhizoplane Order 0.0662289719626168"
[1] "arabidopsis_thaliana_rhizoplane Family 0.137144859813084"
[1] "arabidopsis_thaliana_rhizoplane Genus 0.257247663551402"
[1] "arabidopsis_thaliana_root Phylum 0.0207475247524753"
[1] "arabidopsis_thaliana_root Class 0.0567277227722773"
[1] "arabidopsis_thaliana_root Order 0.071450495049505"
[1] "arabidopsis_thaliana_root Family 0.142509900990099"
[1] "arabidopsis_thaliana_root Genus 0.304267326732673"
