
Call:
adonis(formula = dis_pm ~ Group, data = design, parallel = 40,      by = "margin", add = F) 

Permutation: free
Number of permutations: 999

Terms added sequentially (first to last)

            Df SumsOfSqs MeanSqs F.Model      R2 Pr(>F)    
Group        6   1216395  202732  295.59 0.56258  0.001 ***
Residuals 1379    945788     686         0.43742           
Total     1385   2162182                 1.00000           
---
Signif. codes:  0 ‘***’ 0.001 ‘**’ 0.01 ‘*’ 0.05 ‘.’ 0.1 ‘ ’ 1

Call:
adonis(formula = dis_pm ~ Group, data = design, parallel = 40,      by = "margin", add = F) 

Permutation: free
Number of permutations: 999

Terms added sequentially (first to last)

            Df SumsOfSqs MeanSqs F.Model      R2 Pr(>F)    
Group        6   1343530  223922  216.73 0.48533  0.001 ***
Residuals 1379   1424735    1033         0.51467           
Total     1385   2768265                 1.00000           
---
Signif. codes:  0 ‘***’ 0.001 ‘**’ 0.01 ‘*’ 0.05 ‘.’ 0.1 ‘ ’ 1

Call:
adonis(formula = dis_bs ~ Group, data = design, parallel = 40,      by = "margin", add = F) 

Permutation: free
Number of permutations: 999

Terms added sequentially (first to last)

            Df SumsOfSqs MeanSqs F.Model      R2 Pr(>F)    
Group        6   1428738  238123  1705.1 0.88122  0.001 ***
Residuals 1379    192577     140         0.11878           
Total     1385   1621315                 1.00000           
---
Signif. codes:  0 ‘***’ 0.001 ‘**’ 0.01 ‘*’ 0.05 ‘.’ 0.1 ‘ ’ 1

Call:
adonis(formula = dis_bs ~ Group, data = design, parallel = 40,      by = "margin", add = F) 

Permutation: free
Number of permutations: 999

Terms added sequentially (first to last)

            Df SumsOfSqs MeanSqs F.Model      R2 Pr(>F)    
Group        6   1754682  292447  3004.4 0.92894  0.001 ***
Residuals 1379    134233      97         0.07106           
Total     1385   1888915                 1.00000           
---
Signif. codes:  0 ‘***’ 0.001 ‘**’ 0.01 ‘*’ 0.05 ‘.’ 0.1 ‘ ’ 1
